0 info it worked if it ends with ok
1 verbose cli [ 'node', '/usr/local/bin/npm', 'install' ]
2 info using npm@1.4.23
3 info using node@v0.10.31
4 verbose readDependencies using package.json deps
5 verbose install where, deps [ '/Users/edatrero/Sites/vagrant/VVV/www/wordpress-default/wp-content/plugins/maurisco-contact-form',
5 verbose install   [ 'bower',
5 verbose install     'grunt',
5 verbose install     'grunt-autoprefixer',
5 verbose install     'grunt-contrib-concat',
5 verbose install     'grunt-contrib-jshint',
5 verbose install     'grunt-contrib-less',
5 verbose install     'grunt-contrib-uglify',
5 verbose install     'grunt-contrib-watch',
5 verbose install     'grunt-modernizr',
5 verbose install     'grunt-wp-assets',
5 verbose install     'load-grunt-tasks',
5 verbose install     'requirejs',
5 verbose install     'time-grunt' ] ]
6 info preinstall maursico_cf@0.0.1
7 verbose readDependencies using package.json deps
8 verbose already installed skipping bower@>=1.3.9 /Users/edatrero/Sites/vagrant/VVV/www/wordpress-default/wp-content/plugins/maurisco-contact-form
9 verbose already installed skipping grunt@~0.4.5 /Users/edatrero/Sites/vagrant/VVV/www/wordpress-default/wp-content/plugins/maurisco-contact-form
10 verbose already installed skipping grunt-autoprefixer@~1.0.0 /Users/edatrero/Sites/vagrant/VVV/www/wordpress-default/wp-content/plugins/maurisco-contact-form
11 verbose already installed skipping grunt-contrib-concat@~0.5.0 /Users/edatrero/Sites/vagrant/VVV/www/wordpress-default/wp-content/plugins/maurisco-contact-form
12 verbose already installed skipping grunt-contrib-jshint@~0.10.0 /Users/edatrero/Sites/vagrant/VVV/www/wordpress-default/wp-content/plugins/maurisco-contact-form
13 verbose already installed skipping grunt-contrib-less@~0.11.3 /Users/edatrero/Sites/vagrant/VVV/www/wordpress-default/wp-content/plugins/maurisco-contact-form
14 verbose already installed skipping grunt-contrib-uglify@~0.5.0 /Users/edatrero/Sites/vagrant/VVV/www/wordpress-default/wp-content/plugins/maurisco-contact-form
15 verbose already installed skipping grunt-contrib-watch@^0.6.1 /Users/edatrero/Sites/vagrant/VVV/www/wordpress-default/wp-content/plugins/maurisco-contact-form
16 verbose already installed skipping grunt-modernizr@~0.5.2 /Users/edatrero/Sites/vagrant/VVV/www/wordpress-default/wp-content/plugins/maurisco-contact-form
17 verbose already installed skipping grunt-wp-assets@~0.2.6 /Users/edatrero/Sites/vagrant/VVV/www/wordpress-default/wp-content/plugins/maurisco-contact-form
18 verbose already installed skipping load-grunt-tasks@~0.6.0 /Users/edatrero/Sites/vagrant/VVV/www/wordpress-default/wp-content/plugins/maurisco-contact-form
19 verbose already installed skipping requirejs@^2.1.15 /Users/edatrero/Sites/vagrant/VVV/www/wordpress-default/wp-content/plugins/maurisco-contact-form
20 verbose already installed skipping time-grunt@~0.4.0 /Users/edatrero/Sites/vagrant/VVV/www/wordpress-default/wp-content/plugins/maurisco-contact-form
21 silly resolved []
22 info build /Users/edatrero/Sites/vagrant/VVV/www/wordpress-default/wp-content/plugins/maurisco-contact-form
23 verbose linkStuff [ false,
23 verbose linkStuff   false,
23 verbose linkStuff   false,
23 verbose linkStuff   '/Users/edatrero/Sites/vagrant/VVV/www/wordpress-default/wp-content/plugins' ]
24 info linkStuff maursico_cf@0.0.1
25 verbose linkBins maursico_cf@0.0.1
26 verbose linkMans maursico_cf@0.0.1
27 verbose rebuildBundles maursico_cf@0.0.1
28 verbose rebuildBundles [ '.bin',
28 verbose rebuildBundles   'bower',
28 verbose rebuildBundles   'grunt',
28 verbose rebuildBundles   'grunt-autoprefixer',
28 verbose rebuildBundles   'grunt-contrib-concat',
28 verbose rebuildBundles   'grunt-contrib-jshint',
28 verbose rebuildBundles   'grunt-contrib-less',
28 verbose rebuildBundles   'grunt-contrib-uglify',
28 verbose rebuildBundles   'grunt-contrib-watch',
28 verbose rebuildBundles   'grunt-modernizr',
28 verbose rebuildBundles   'grunt-wp-assets',
28 verbose rebuildBundles   'load-grunt-tasks',
28 verbose rebuildBundles   'requirejs',
28 verbose rebuildBundles   'time-grunt' ]
29 info install maursico_cf@0.0.1
30 info postinstall maursico_cf@0.0.1
31 verbose unsafe-perm in lifecycle true
32 info maursico_cf@0.0.1 Failed to exec postinstall script
33 error maursico_cf@0.0.1 postinstall: `node node_modules/bower/bin/bower install && grunt dev`
33 error Exit status 1
34 error Failed at the maursico_cf@0.0.1 postinstall script.
34 error This is most likely a problem with the maursico_cf package,
34 error not with npm itself.
34 error Tell the author that this fails on your system:
34 error     node node_modules/bower/bin/bower install && grunt dev
34 error You can get their info via:
34 error     npm owner ls maursico_cf
34 error There is likely additional logging output above.
35 error System Darwin 14.0.0
36 error command "node" "/usr/local/bin/npm" "install"
37 error cwd /Users/edatrero/Sites/vagrant/VVV/www/wordpress-default/wp-content/plugins/maurisco-contact-form
38 error node -v v0.10.31
39 error npm -v 1.4.23
40 error code ELIFECYCLE
41 verbose exit [ 1, true ]
